<?xml version="1.0" encoding="UTF-8"?>
<robot generator="Robot 3.2.2 (Python 3.9.1 on win32)" generated="20210227 01:51:02.082" rpa="false">
<suite id="s1" name="Test99" source="C:\Users\HP\Documents\GitHub\Assignments-1\test99.robot">
<test id="s1-t1" name="Search case">
<kw name="เปิดเว็บ google.com">
<kw name="Open Browser" library="Selenium2Library">
<doc>Opens a new browser instance to the optional ``url``.</doc>
<arguments>
<arg>${url}</arg>
<arg>${browser}</arg>
</arguments>
<msg timestamp="20210227 01:51:02.746" level="INFO">Opening browser 'chrome' to base url 'https://google.com/'.</msg>
<status status="PASS" starttime="20210227 01:51:02.745" endtime="20210227 01:51:06.756"></status>
</kw>
<status status="PASS" starttime="20210227 01:51:02.743" endtime="20210227 01:51:06.756"></status>
</kw>
<kw name="ค้นหาตาม keywords">
<kw name="Input Text" library="Selenium2Library">
<doc>Types the given ``text`` into the text field identified by ``locator``.</doc>
<arguments>
<arg>name=q</arg>
<arg>${expected_result}</arg>
</arguments>
<msg timestamp="20210227 01:51:06.760" level="INFO">Typing text 'Podcasts ไทย' into text field 'name=q'.</msg>
<status status="PASS" starttime="20210227 01:51:06.759" endtime="20210227 01:51:07.054"></status>
</kw>
<kw name="Submit Form" library="Selenium2Library">
<doc>Submits a form identified by ``locator``.</doc>
<msg timestamp="20210227 01:51:07.054" level="INFO">Submitting form 'None'.</msg>
<status status="PASS" starttime="20210227 01:51:07.054" endtime="20210227 01:51:08.675"></status>
</kw>
<status status="PASS" starttime="20210227 01:51:06.758" endtime="20210227 01:51:08.675"></status>
</kw>
<kw name="รอผลลัพธ์">
<kw name="Wait Until Page Contains" library="Selenium2Library">
<doc>Waits until ``text`` appears on the current page.</doc>
<arguments>
<arg>${expected_result}</arg>
</arguments>
<status status="PASS" starttime="20210227 01:51:08.677" endtime="20210227 01:51:08.723"></status>
</kw>
<status status="PASS" starttime="20210227 01:51:08.676" endtime="20210227 01:51:08.723"></status>
</kw>
<status status="PASS" starttime="20210227 01:51:02.741" endtime="20210227 01:51:08.725" critical="yes"></status>
</test>
<status status="PASS" starttime="20210227 01:51:02.087" endtime="20210227 01:51:08.728"></status>
</suite>
<statistics>
<total>
<stat pass="1" fail="0">Critical Tests</stat>
<stat pass="1" fail="0">All Tests</stat>
</total>
<tag>
</tag>
<suite>
<stat pass="1" fail="0" id="s1" name="Test99">Test99</stat>
</suite>
</statistics>
<errors>
</errors>
</robot>
